{"/home/alex/Desktop/Git-repository/hexlet/frontend-project-lvl2/index.js": {"path":"/home/alex/Desktop/Git-repository/hexlet/frontend-project-lvl2/index.js","statementMap":{"0":{"start":{"line":1,"column":0},"end":{"line":1,"column":23}},"1":{"start":{"line":2,"column":0},"end":{"line":2,"column":0}},"2":{"start":{"line":3,"column":0},"end":{"line":3,"column":24}},"3":{"start":{"line":4,"column":0},"end":{"line":4,"column":0}},"4":{"start":{"line":5,"column":0},"end":{"line":5,"column":20}},"5":{"start":{"line":6,"column":0},"end":{"line":6,"column":0}},"6":{"start":{"line":7,"column":0},"end":{"line":7,"column":42}},"7":{"start":{"line":8,"column":0},"end":{"line":8,"column":0}},"8":{"start":{"line":9,"column":0},"end":{"line":9,"column":44}},"9":{"start":{"line":10,"column":0},"end":{"line":10,"column":15}},"10":{"start":{"line":11,"column":0},"end":{"line":11,"column":32}},"11":{"start":{"line":12,"column":0},"end":{"line":12,"column":37}},"12":{"start":{"line":13,"column":0},"end":{"line":13,"column":3}},"13":{"start":{"line":14,"column":0},"end":{"line":14,"column":32}},"14":{"start":{"line":15,"column":0},"end":{"line":15,"column":61}},"15":{"start":{"line":16,"column":0},"end":{"line":16,"column":3}},"16":{"start":{"line":17,"column":0},"end":{"line":17,"column":19}},"17":{"start":{"line":18,"column":0},"end":{"line":18,"column":37}},"18":{"start":{"line":19,"column":0},"end":{"line":19,"column":3}},"19":{"start":{"line":20,"column":0},"end":{"line":20,"column":19}},"20":{"start":{"line":21,"column":0},"end":{"line":21,"column":37}},"21":{"start":{"line":22,"column":0},"end":{"line":22,"column":3}},"22":{"start":{"line":23,"column":0},"end":{"line":23,"column":13}},"23":{"start":{"line":24,"column":0},"end":{"line":24,"column":2}},"24":{"start":{"line":25,"column":0},"end":{"line":25,"column":0}},"25":{"start":{"line":26,"column":0},"end":{"line":26,"column":44}},"26":{"start":{"line":27,"column":0},"end":{"line":27,"column":48}},"27":{"start":{"line":28,"column":0},"end":{"line":28,"column":50}},"28":{"start":{"line":29,"column":0},"end":{"line":29,"column":69}},"29":{"start":{"line":30,"column":0},"end":{"line":30,"column":70}},"30":{"start":{"line":31,"column":0},"end":{"line":31,"column":61}},"31":{"start":{"line":32,"column":0},"end":{"line":32,"column":44}},"32":{"start":{"line":33,"column":0},"end":{"line":33,"column":53}},"33":{"start":{"line":34,"column":0},"end":{"line":34,"column":24}},"34":{"start":{"line":35,"column":0},"end":{"line":35,"column":15}},"35":{"start":{"line":36,"column":0},"end":{"line":36,"column":9}},"36":{"start":{"line":37,"column":0},"end":{"line":37,"column":47}},"37":{"start":{"line":38,"column":0},"end":{"line":38,"column":2}},"38":{"start":{"line":39,"column":0},"end":{"line":39,"column":0}},"39":{"start":{"line":40,"column":0},"end":{"line":40,"column":23}}},"s":{"0":1,"1":1,"2":1,"3":1,"4":1,"5":1,"6":1,"7":1,"8":1,"9":5,"10":5,"11":1,"12":1,"13":5,"14":4,"15":4,"16":5,"17":2,"18":2,"19":5,"20":2,"21":2,"22":5,"23":1,"24":1,"25":1,"26":1,"27":1,"28":1,"29":1,"30":1,"31":1,"32":5,"33":5,"34":5,"35":1,"36":1,"37":1,"38":1,"39":1},"branchMap":{"0":{"type":"branch","line":1,"loc":{"start":{"line":1,"column":0},"end":{"line":40,"column":23}},"locations":[{"start":{"line":1,"column":0},"end":{"line":40,"column":23}}]},"1":{"type":"branch","line":9,"loc":{"start":{"line":9,"column":22},"end":{"line":24,"column":1}},"locations":[{"start":{"line":9,"column":22},"end":{"line":24,"column":1}}]},"2":{"type":"branch","line":11,"loc":{"start":{"line":11,"column":31},"end":{"line":13,"column":3}},"locations":[{"start":{"line":11,"column":31},"end":{"line":13,"column":3}}]},"3":{"type":"branch","line":14,"loc":{"start":{"line":14,"column":31},"end":{"line":16,"column":3}},"locations":[{"start":{"line":14,"column":31},"end":{"line":16,"column":3}}]},"4":{"type":"branch","line":17,"loc":{"start":{"line":17,"column":18},"end":{"line":19,"column":3}},"locations":[{"start":{"line":17,"column":18},"end":{"line":19,"column":3}}]},"5":{"type":"branch","line":20,"loc":{"start":{"line":20,"column":18},"end":{"line":22,"column":3}},"locations":[{"start":{"line":20,"column":18},"end":{"line":22,"column":3}}]},"6":{"type":"branch","line":26,"loc":{"start":{"line":26,"column":16},"end":{"line":38,"column":1}},"locations":[{"start":{"line":26,"column":16},"end":{"line":38,"column":1}}]},"7":{"type":"branch","line":32,"loc":{"start":{"line":32,"column":29},"end":{"line":36,"column":3}},"locations":[{"start":{"line":32,"column":29},"end":{"line":36,"column":3}}]}},"b":{"0":[1],"1":[5],"2":[1],"3":[4],"4":[2],"5":[2],"6":[1],"7":[5]},"fnMap":{"0":{"name":"compareValues","decl":{"start":{"line":9,"column":22},"end":{"line":24,"column":1}},"loc":{"start":{"line":9,"column":22},"end":{"line":24,"column":1}},"line":9},"1":{"name":"gendiff","decl":{"start":{"line":26,"column":16},"end":{"line":38,"column":1}},"loc":{"start":{"line":26,"column":16},"end":{"line":38,"column":1}},"line":26}},"f":{"0":5,"1":1}}
}
