TN:
SF:index.js
FN:9,compareValues
FN:27,gendiff
FNF:2
FNH:2
FNDA:5,compareValues
FNDA:1,gendiff
DA:1,1
DA:2,1
DA:3,1
DA:4,1
DA:5,1
DA:6,1
DA:7,1
DA:8,1
DA:9,1
DA:10,5
DA:11,5
DA:12,5
DA:13,1
DA:14,1
DA:15,5
DA:16,4
DA:17,4
DA:18,5
DA:19,2
DA:20,2
DA:21,5
DA:22,2
DA:23,2
DA:24,5
DA:25,1
DA:26,1
DA:27,1
DA:28,1
DA:29,1
DA:30,1
DA:31,1
DA:32,1
DA:33,1
DA:34,5
DA:35,5
DA:36,5
DA:37,1
DA:38,1
DA:39,1
DA:40,1
DA:41,1
DA:42,1
DA:43,1
LF:43
LH:43
BRDA:1,0,0,1
BRDA:9,1,0,5
BRDA:12,2,0,1
BRDA:15,3,0,4
BRDA:18,4,0,2
BRDA:21,5,0,2
BRDA:27,6,0,1
BRDA:33,7,0,5
BRF:8
BRH:8
end_of_record
