TN:
SF:index.js
FN:9,compareValues
FN:26,gendiff
FNF:2
FNH:2
FNDA:5,compareValues
FNDA:1,gendiff
DA:1,1
DA:2,1
DA:3,1
DA:4,1
DA:5,1
DA:6,1
DA:7,1
DA:8,1
DA:9,1
DA:10,5
DA:11,5
DA:12,1
DA:13,1
DA:14,5
DA:15,4
DA:16,4
DA:17,5
DA:18,2
DA:19,2
DA:20,5
DA:21,2
DA:22,2
DA:23,5
DA:24,1
DA:25,1
DA:26,1
DA:27,1
DA:28,1
DA:29,1
DA:30,1
DA:31,1
DA:32,1
DA:33,5
DA:34,5
DA:35,5
DA:36,1
DA:37,1
DA:38,1
DA:39,1
DA:40,1
LF:40
LH:40
BRDA:1,0,0,1
BRDA:9,1,0,5
BRDA:11,2,0,1
BRDA:14,3,0,4
BRDA:17,4,0,2
BRDA:20,5,0,2
BRDA:26,6,0,1
BRDA:32,7,0,5
BRF:8
BRH:8
end_of_record
